11/05/2023 20:19:57 Done: Copy file /media/carl/Backup2/.config/compt.conf -> /home/carl/.config/compt.conf
11/05/2023 20:20:59 Done: Copy file /mnt/backup/.zsh_history -> /home/carl/.zsh_history
11/05/2023 20:24:34 Done: Create directory /mnt/home_extra/carl/Documents
11/05/2023 20:24:42 Done: Create directory /mnt/home_extra/carl/Downloads
11/05/2023 20:24:51 Done: Create directory /mnt/home_extra/carl/Pictures
11/05/2023 20:25:12 Done: Remove directory /mnt/home_extra/carl/Pictures
11/05/2023 20:25:19 Done: Copy file /media/carl/Backup2/Pictures/53 - S5U27mj.jpg -> /mnt/home_extra/carl/Pictures/53 - S5U27mj.jpg
11/05/2023 20:25:19 Done: Copy file /media/carl/Backup2/Pictures/32 - 4b0BpBz.jpg -> /mnt/home_extra/carl/Pictures/32 - 4b0BpBz.jpg
11/05/2023 20:25:19 Done: Copy file /media/carl/Backup2/Pictures/108 - aDhWxao.jpg -> /mnt/home_extra/carl/Pictures/108 - aDhWxao.jpg
11/05/2023 20:25:19 Done: Copy file /media/carl/Backup2/Pictures/121 - iR2XYJw.jpg -> /mnt/home_extra/carl/Pictures/121 - iR2XYJw.jpg
11/05/2023 20:25:19 Done: Copy file /media/carl/Backup2/Pictures/95 - 8E33giy.jpg -> /mnt/home_extra/carl/Pictures/95 - 8E33giy.jpg
11/05/2023 20:25:19 Done: Copy file /media/carl/Backup2/Pictures/79 - 2nMbK0L.jpg -> /mnt/home_extra/carl/Pictures/79 - 2nMbK0L.jpg
11/05/2023 20:25:19 Done: Copy file /media/carl/Backup2/Pictures/109 - dbZ0iGt.jpg -> /mnt/home_extra/carl/Pictures/109 - dbZ0iGt.jpg
11/05/2023 20:25:19 Done: Copy file /media/carl/Backup2/Pictures/70 - 4AZjx34.jpg -> /mnt/home_extra/carl/Pictures/70 - 4AZjx34.jpg
11/05/2023 20:25:19 Done: Copy file /media/carl/Backup2/Pictures/51 - pPGRrRL.jpg -> /mnt/home_extra/carl/Pictures/51 - pPGRrRL.jpg
11/05/2023 20:25:19 Done: Copy file /media/carl/Backup2/Pictures/80 - sVF9QHu.jpg -> /mnt/home_extra/carl/Pictures/80 - sVF9QHu.jpg
11/05/2023 20:25:19 Done: Copy file /media/carl/Backup2/Pictures/36 - XIfaVnR.jpg -> /mnt/home_extra/carl/Pictures/36 - XIfaVnR.jpg
11/05/2023 20:25:19 Done: Copy file /media/carl/Backup2/Pictures/125 - F3eJXBm.jpg -> /mnt/home_extra/carl/Pictures/125 - F3eJXBm.jpg
11/05/2023 20:25:19 Done: Copy file /media/carl/Backup2/Pictures/19 - vIbCZr3.jpg -> /mnt/home_extra/carl/Pictures/19 - vIbCZr3.jpg
11/05/2023 20:25:19 Done: Copy file /media/carl/Backup2/Pictures/47 - 4niB7qE.jpg -> /mnt/home_extra/carl/Pictures/47 - 4niB7qE.jpg
11/05/2023 20:25:19 Done: Copy file /media/carl/Backup2/Pictures/1 - gooVn6z.jpg -> /mnt/home_extra/carl/Pictures/1 - gooVn6z.jpg
11/05/2023 20:25:19 Done: Copy file /media/carl/Backup2/Pictures/117 - vMdEkPi.jpg -> /mnt/home_extra/carl/Pictures/117 - vMdEkPi.jpg
11/05/2023 20:25:19 Done: Copy file /media/carl/Backup2/Pictures/41 - FNYGSSE.jpg -> /mnt/home_extra/carl/Pictures/41 - FNYGSSE.jpg
11/05/2023 20:25:19 Done: Copy file /media/carl/Backup2/Pictures/128 - ZPRdiDD.jpg -> /mnt/home_extra/carl/Pictures/128 - ZPRdiDD.jpg
11/05/2023 20:25:19 Done: Copy file /media/carl/Backup2/Pictures/90 - 6UgnM2W.jpg -> /mnt/home_extra/carl/Pictures/90 - 6UgnM2W.jpg
11/05/2023 20:25:19 Done: Copy file /media/carl/Backup2/Pictures/52 - W8yAJqJ.jpg -> /mnt/home_extra/carl/Pictures/52 - W8yAJqJ.jpg
11/05/2023 20:25:19 Done: Copy file /media/carl/Backup2/Pictures/107 - NWGht1W.jpg -> /mnt/home_extra/carl/Pictures/107 - NWGht1W.jpg
11/05/2023 20:25:19 Done: Copy file /media/carl/Backup2/Pictures/drops.jpg -> /mnt/home_extra/carl/Pictures/drops.jpg
11/05/2023 20:25:19 Done: Copy file /media/carl/Backup2/Pictures/22 - qFbkSlf.jpg -> /mnt/home_extra/carl/Pictures/22 - qFbkSlf.jpg
11/05/2023 20:25:19 Done: Copy file /media/carl/Backup2/Pictures/85 - nyRngm3.jpg -> /mnt/home_extra/carl/Pictures/85 - nyRngm3.jpg
11/05/2023 20:25:19 Done: Copy file /media/carl/Backup2/Pictures/110 - fzjcqvX.jpg -> /mnt/home_extra/carl/Pictures/110 - fzjcqvX.jpg
11/05/2023 20:25:20 Done: Copy file /media/carl/Backup2/Pictures/42 - Ro153CQ.jpg -> /mnt/home_extra/carl/Pictures/42 - Ro153CQ.jpg
11/05/2023 20:25:20 Done: Copy file /media/carl/Backup2/Pictures/21 - wHfAuey.jpg -> /mnt/home_extra/carl/Pictures/21 - wHfAuey.jpg
11/05/2023 20:25:20 Done: Copy file /media/carl/Backup2/Pictures/54 - X6XGnU5.jpg -> /mnt/home_extra/carl/Pictures/54 - X6XGnU5.jpg
11/05/2023 20:25:20 Done: Copy file /media/carl/Backup2/Pictures/24 - xLrgIl7.jpg -> /mnt/home_extra/carl/Pictures/24 - xLrgIl7.jpg
11/05/2023 20:25:20 Done: Copy file /media/carl/Backup2/Pictures/15 - TC0PO4o.jpg -> /mnt/home_extra/carl/Pictures/15 - TC0PO4o.jpg
11/05/2023 20:25:20 Done: Copy file /media/carl/Backup2/Pictures/130 - U0gLbPf.jpg -> /mnt/home_extra/carl/Pictures/130 - U0gLbPf.jpg
11/05/2023 20:25:20 Done: Copy file /media/carl/Backup2/Pictures/73 - uh2v6h5.jpg -> /mnt/home_extra/carl/Pictures/73 - uh2v6h5.jpg
11/05/2023 20:25:20 Done: Copy file /media/carl/Backup2/Pictures/63 - CgqyGlx.jpg -> /mnt/home_extra/carl/Pictures/63 - CgqyGlx.jpg
11/05/2023 20:25:20 Done: Copy file /media/carl/Backup2/Pictures/56 - oXhcTeH.jpg -> /mnt/home_extra/carl/Pictures/56 - oXhcTeH.jpg
11/05/2023 20:25:20 Done: Copy file /media/carl/Backup2/Pictures/116 - Zp350FW.jpg -> /mnt/home_extra/carl/Pictures/116 - Zp350FW.jpg
11/05/2023 20:25:20 Done: Copy file /media/carl/Backup2/Pictures/123 - rQ67zGX.jpg -> /mnt/home_extra/carl/Pictures/123 - rQ67zGX.jpg
11/05/2023 20:25:20 Done: Copy file /media/carl/Backup2/Pictures/43 - wzZ46co.jpg -> /mnt/home_extra/carl/Pictures/43 - wzZ46co.jpg
11/05/2023 20:25:20 Done: Copy file /media/carl/Backup2/Pictures/37 - 11TxGUf.jpg -> /mnt/home_extra/carl/Pictures/37 - 11TxGUf.jpg
11/05/2023 20:25:20 Done: Copy file /media/carl/Backup2/Pictures/84 - xfK6y7u.jpg -> /mnt/home_extra/carl/Pictures/84 - xfK6y7u.jpg
11/05/2023 20:25:20 Done: Copy file /media/carl/Backup2/Pictures/66 - LkSUZjy.jpg -> /mnt/home_extra/carl/Pictures/66 - LkSUZjy.jpg
11/05/2023 20:25:20 Done: Copy file /media/carl/Backup2/Pictures/57 - vbpEi5D.jpg -> /mnt/home_extra/carl/Pictures/57 - vbpEi5D.jpg
11/05/2023 20:25:20 Done: Copy file /media/carl/Backup2/Pictures/61 - ZxXllGQ.jpg -> /mnt/home_extra/carl/Pictures/61 - ZxXllGQ.jpg
11/05/2023 20:25:20 Done: Copy file /media/carl/Backup2/Pictures/48 - WP3oZIy.jpg -> /mnt/home_extra/carl/Pictures/48 - WP3oZIy.jpg
11/05/2023 20:25:20 Done: Copy file /media/carl/Backup2/Pictures/58 - 4O0fNvp.jpg -> /mnt/home_extra/carl/Pictures/58 - 4O0fNvp.jpg
11/05/2023 20:25:20 Done: Copy file /media/carl/Backup2/Pictures/103 - wyhW1zR.jpg -> /mnt/home_extra/carl/Pictures/103 - wyhW1zR.jpg
11/05/2023 20:25:22 Done: Copy file /media/carl/Backup2/Pictures/Imgur Album My 4K UHD Wallpaper Collection.zip -> /mnt/home_extra/carl/Pictures/Imgur Album My 4K UHD Wallpaper Collection.zip
11/05/2023 20:25:22 Done: Copy file /media/carl/Backup2/Pictures/62 - AWLDXbZ.jpg -> /mnt/home_extra/carl/Pictures/62 - AWLDXbZ.jpg
11/05/2023 20:25:22 Done: Copy file /media/carl/Backup2/Pictures/13 - gwqhtKg.jpg -> /mnt/home_extra/carl/Pictures/13 - gwqhtKg.jpg
11/05/2023 20:25:22 Done: Copy file /media/carl/Backup2/Pictures/28 - fZ4XwBN.jpg -> /mnt/home_extra/carl/Pictures/28 - fZ4XwBN.jpg
11/05/2023 20:25:22 Done: Copy file /media/carl/Backup2/Pictures/111 - PGlZeNL.png -> /mnt/home_extra/carl/Pictures/111 - PGlZeNL.png
11/05/2023 20:25:22 Done: Copy file /media/carl/Backup2/Pictures/74 - bGS6RNx.jpg -> /mnt/home_extra/carl/Pictures/74 - bGS6RNx.jpg
11/05/2023 20:25:22 Done: Copy file /media/carl/Backup2/Pictures/6 - aUy9omb.jpg -> /mnt/home_extra/carl/Pictures/6 - aUy9omb.jpg
11/05/2023 20:25:22 Done: Copy file /media/carl/Backup2/Pictures/44 - V3wvNz1.jpg -> /mnt/home_extra/carl/Pictures/44 - V3wvNz1.jpg
11/05/2023 20:25:22 Done: Copy file /media/carl/Backup2/Pictures/92 - Jj7uLWD.jpg -> /mnt/home_extra/carl/Pictures/92 - Jj7uLWD.jpg
11/05/2023 20:25:22 Done: Copy file /media/carl/Backup2/Pictures/33 - DQhs0NC.jpg -> /mnt/home_extra/carl/Pictures/33 - DQhs0NC.jpg
11/05/2023 20:25:22 Done: Copy file /media/carl/Backup2/Pictures/75 - sQokoZU.jpg -> /mnt/home_extra/carl/Pictures/75 - sQokoZU.jpg
11/05/2023 20:25:22 Done: Copy file /media/carl/Backup2/Pictures/81 - VNOJJVC.jpg -> /mnt/home_extra/carl/Pictures/81 - VNOJJVC.jpg
11/05/2023 20:25:22 Done: Copy file /media/carl/Backup2/Pictures/14 - xAVrH70.jpg -> /mnt/home_extra/carl/Pictures/14 - xAVrH70.jpg
11/05/2023 20:25:22 Done: Copy file /media/carl/Backup2/Pictures/4 - nt0Ask7.jpg -> /mnt/home_extra/carl/Pictures/4 - nt0Ask7.jpg
11/05/2023 20:25:22 Done: Copy file /media/carl/Backup2/Pictures/20 - HE1jXGz.jpg -> /mnt/home_extra/carl/Pictures/20 - HE1jXGz.jpg
11/05/2023 20:25:22 Done: Copy file /media/carl/Backup2/Pictures/132 - UyjAB7H.jpg -> /mnt/home_extra/carl/Pictures/132 - UyjAB7H.jpg
11/05/2023 20:25:22 Done: Copy file /media/carl/Backup2/Pictures/91 - SF0dvNd.jpg -> /mnt/home_extra/carl/Pictures/91 - SF0dvNd.jpg
11/05/2023 20:25:22 Done: Copy file /media/carl/Backup2/Pictures/96 - WMWKb5K.jpg -> /mnt/home_extra/carl/Pictures/96 - WMWKb5K.jpg
11/05/2023 20:25:22 Done: Copy file /media/carl/Backup2/Pictures/7 - LdhwnhD.jpg -> /mnt/home_extra/carl/Pictures/7 - LdhwnhD.jpg
11/05/2023 20:25:22 Done: Copy file /media/carl/Backup2/Pictures/100 - KR2DSqA.jpg -> /mnt/home_extra/carl/Pictures/100 - KR2DSqA.jpg
11/05/2023 20:25:23 Done: Copy file /media/carl/Backup2/Pictures/16 - GSPsnFy.jpg -> /mnt/home_extra/carl/Pictures/16 - GSPsnFy.jpg
11/05/2023 20:25:23 Done: Copy file /media/carl/Backup2/Pictures/112 - mYvTEXK.jpg -> /mnt/home_extra/carl/Pictures/112 - mYvTEXK.jpg
11/05/2023 20:25:23 Done: Copy file /media/carl/Backup2/Pictures/129 - DAYS1IW.jpg -> /mnt/home_extra/carl/Pictures/129 - DAYS1IW.jpg
11/05/2023 20:25:23 Done: Copy file /media/carl/Backup2/Pictures/69 - Ok8aLm4.jpg -> /mnt/home_extra/carl/Pictures/69 - Ok8aLm4.jpg
11/05/2023 20:25:23 Done: Copy file /media/carl/Backup2/Pictures/9 - x6qNl8g.jpg -> /mnt/home_extra/carl/Pictures/9 - x6qNl8g.jpg
11/05/2023 20:25:23 Done: Copy file /media/carl/Backup2/Pictures/39 - 0QMQiG1.jpg -> /mnt/home_extra/carl/Pictures/39 - 0QMQiG1.jpg
11/05/2023 20:25:23 Done: Copy file /media/carl/Backup2/Pictures/67 - IH0VC01.jpg -> /mnt/home_extra/carl/Pictures/67 - IH0VC01.jpg
11/05/2023 20:25:23 Done: Copy file /media/carl/Backup2/Pictures/40 - D5yHpDM.jpg -> /mnt/home_extra/carl/Pictures/40 - D5yHpDM.jpg
11/05/2023 20:25:23 Done: Copy file /media/carl/Backup2/Pictures/93 - Gc9Qsxa.jpg -> /mnt/home_extra/carl/Pictures/93 - Gc9Qsxa.jpg
11/05/2023 20:25:23 Done: Copy file /media/carl/Backup2/Pictures/71 - OPlt5m4.jpg -> /mnt/home_extra/carl/Pictures/71 - OPlt5m4.jpg
11/05/2023 20:25:23 Done: Copy file /media/carl/Backup2/Pictures/114 - cgxLJvs.jpg -> /mnt/home_extra/carl/Pictures/114 - cgxLJvs.jpg
11/05/2023 20:25:23 Done: Copy file /media/carl/Backup2/Pictures/87 - mJ9prlt.jpg -> /mnt/home_extra/carl/Pictures/87 - mJ9prlt.jpg
11/05/2023 20:25:23 Done: Copy file /media/carl/Backup2/Pictures/49 - vGFT3hU.jpg -> /mnt/home_extra/carl/Pictures/49 - vGFT3hU.jpg
11/05/2023 20:25:23 Done: Copy file /media/carl/Backup2/Pictures/124 - KcEDmHt.jpg -> /mnt/home_extra/carl/Pictures/124 - KcEDmHt.jpg
11/05/2023 20:25:23 Done: Copy file /media/carl/Backup2/Pictures/68 - t3zw6jz.jpg -> /mnt/home_extra/carl/Pictures/68 - t3zw6jz.jpg
11/05/2023 20:25:23 Done: Copy file /media/carl/Backup2/Pictures/89 - pnDzKMc.jpg -> /mnt/home_extra/carl/Pictures/89 - pnDzKMc.jpg
11/05/2023 20:25:23 Done: Copy file /media/carl/Backup2/Pictures/26 - iuWTSja.jpg -> /mnt/home_extra/carl/Pictures/26 - iuWTSja.jpg
11/05/2023 20:25:23 Done: Copy file /media/carl/Backup2/Pictures/72 - 5UUYxMI.jpg -> /mnt/home_extra/carl/Pictures/72 - 5UUYxMI.jpg
11/05/2023 20:25:23 Done: Copy file /media/carl/Backup2/Pictures/17 - AuYkWYB.jpg -> /mnt/home_extra/carl/Pictures/17 - AuYkWYB.jpg
11/05/2023 20:25:23 Done: Copy file /media/carl/Backup2/Pictures/11 - 1fbZJAU.jpg -> /mnt/home_extra/carl/Pictures/11 - 1fbZJAU.jpg
11/05/2023 20:25:23 Done: Copy file /media/carl/Backup2/Pictures/38 - 42hUoWy.jpg -> /mnt/home_extra/carl/Pictures/38 - 42hUoWy.jpg
11/05/2023 20:25:23 Done: Copy file /media/carl/Backup2/Pictures/82 - OXeI59S.jpg -> /mnt/home_extra/carl/Pictures/82 - OXeI59S.jpg
11/05/2023 20:25:23 Done: Copy file /media/carl/Backup2/Pictures/18 - Si0gLQy.jpg -> /mnt/home_extra/carl/Pictures/18 - Si0gLQy.jpg
11/05/2023 20:25:23 Done: Copy file /media/carl/Backup2/Pictures/12 - cwSZ0MB.jpg -> /mnt/home_extra/carl/Pictures/12 - cwSZ0MB.jpg
11/05/2023 20:25:23 Done: Copy file /media/carl/Backup2/Pictures/83 - etfCnUQ.jpg -> /mnt/home_extra/carl/Pictures/83 - etfCnUQ.jpg
11/05/2023 20:25:23 Done: Copy file /media/carl/Backup2/Pictures/77 - s7qPDXC.jpg -> /mnt/home_extra/carl/Pictures/77 - s7qPDXC.jpg
11/05/2023 20:25:23 Done: Copy file /media/carl/Backup2/Pictures/8 - dCGUN45.jpg -> /mnt/home_extra/carl/Pictures/8 - dCGUN45.jpg
11/05/2023 20:25:23 Done: Copy file /media/carl/Backup2/Pictures/119 - L1SN4ld.jpg -> /mnt/home_extra/carl/Pictures/119 - L1SN4ld.jpg
11/05/2023 20:25:23 Done: Copy file /media/carl/Backup2/Pictures/30 - NTiUUZY.jpg -> /mnt/home_extra/carl/Pictures/30 - NTiUUZY.jpg
11/05/2023 20:25:23 Done: Copy file /media/carl/Backup2/Pictures/45 - UmarWhO.jpg -> /mnt/home_extra/carl/Pictures/45 - UmarWhO.jpg
11/05/2023 20:25:23 Done: Copy file /media/carl/Backup2/Pictures/99 - Rh5WExb.jpg -> /mnt/home_extra/carl/Pictures/99 - Rh5WExb.jpg
11/05/2023 20:25:23 Done: Copy file /media/carl/Backup2/Pictures/134 - CjxSNPN.jpg -> /mnt/home_extra/carl/Pictures/134 - CjxSNPN.jpg
11/05/2023 20:25:23 Done: Copy file /media/carl/Backup2/Pictures/10 - CjXLgbk.jpg -> /mnt/home_extra/carl/Pictures/10 - CjXLgbk.jpg
11/05/2023 20:25:23 Done: Copy file /media/carl/Backup2/Pictures/98 - dmhb4Ri.jpg -> /mnt/home_extra/carl/Pictures/98 - dmhb4Ri.jpg
11/05/2023 20:25:23 Done: Copy file /media/carl/Backup2/Pictures/105 - TU3tyBi.jpg -> /mnt/home_extra/carl/Pictures/105 - TU3tyBi.jpg
11/05/2023 20:25:23 Done: Copy file /media/carl/Backup2/Pictures/118 - SiGE9AQ.jpg -> /mnt/home_extra/carl/Pictures/118 - SiGE9AQ.jpg
11/05/2023 20:25:23 Done: Copy file /media/carl/Backup2/Pictures/29 - gLHxAfB.jpg -> /mnt/home_extra/carl/Pictures/29 - gLHxAfB.jpg
11/05/2023 20:25:24 Done: Copy file /media/carl/Backup2/Pictures/120 - IsxrTnF.jpg -> /mnt/home_extra/carl/Pictures/120 - IsxrTnF.jpg
11/05/2023 20:25:24 Done: Copy file /media/carl/Backup2/Pictures/65 - M4hQQCC.jpg -> /mnt/home_extra/carl/Pictures/65 - M4hQQCC.jpg
11/05/2023 20:25:24 Done: Copy file /media/carl/Backup2/Pictures/138 - SMqDquq.jpg -> /mnt/home_extra/carl/Pictures/138 - SMqDquq.jpg
11/05/2023 20:25:24 Done: Copy file /media/carl/Backup2/Pictures/76 - U7L19rn.jpg -> /mnt/home_extra/carl/Pictures/76 - U7L19rn.jpg
11/05/2023 20:25:24 Done: Copy file /media/carl/Backup2/Pictures/2 - SEVbYXy.jpg -> /mnt/home_extra/carl/Pictures/2 - SEVbYXy.jpg
11/05/2023 20:25:24 Done: Copy file /media/carl/Backup2/Pictures/101 - 78DGqlE.jpg -> /mnt/home_extra/carl/Pictures/101 - 78DGqlE.jpg
11/05/2023 20:25:24 Done: Copy file /media/carl/Backup2/Pictures/27 - J3CvRwX.jpg -> /mnt/home_extra/carl/Pictures/27 - J3CvRwX.jpg
11/05/2023 20:25:24 Done: Copy file /media/carl/Backup2/Pictures/space.xcf -> /mnt/home_extra/carl/Pictures/space.xcf
11/05/2023 20:25:24 Done: Copy file /media/carl/Backup2/Pictures/131 - kvzqFiR.jpg -> /mnt/home_extra/carl/Pictures/131 - kvzqFiR.jpg
11/05/2023 20:25:24 Done: Copy file /media/carl/Backup2/Pictures/64 - ZaRueWe.jpg -> /mnt/home_extra/carl/Pictures/64 - ZaRueWe.jpg
11/05/2023 20:25:24 Done: Copy file /media/carl/Backup2/Pictures/46 - zhg9199.jpg -> /mnt/home_extra/carl/Pictures/46 - zhg9199.jpg
11/05/2023 20:25:24 Done: Copy file /media/carl/Backup2/Pictures/60 - x8yUni1.jpg -> /mnt/home_extra/carl/Pictures/60 - x8yUni1.jpg
11/05/2023 20:25:24 Done: Copy file /media/carl/Backup2/Pictures/104 - WfRwE6e.jpg -> /mnt/home_extra/carl/Pictures/104 - WfRwE6e.jpg
11/05/2023 20:25:24 Done: Copy file /media/carl/Backup2/Pictures/136 - grfLP6a.jpg -> /mnt/home_extra/carl/Pictures/136 - grfLP6a.jpg
11/05/2023 20:25:24 Done: Copy file /media/carl/Backup2/Pictures/3 - 2KBxcUw.jpg -> /mnt/home_extra/carl/Pictures/3 - 2KBxcUw.jpg
11/05/2023 20:25:24 Done: Copy file /media/carl/Backup2/Pictures/106 - PvuM15T.jpg -> /mnt/home_extra/carl/Pictures/106 - PvuM15T.jpg
11/05/2023 20:25:24 Done: Copy file /media/carl/Backup2/Pictures/113 - 0uMzyzv.jpg -> /mnt/home_extra/carl/Pictures/113 - 0uMzyzv.jpg
11/05/2023 20:25:24 Done: Copy file /media/carl/Backup2/Pictures/5 - jyzUHCJ.jpg -> /mnt/home_extra/carl/Pictures/5 - jyzUHCJ.jpg
11/05/2023 20:25:24 Done: Copy file /media/carl/Backup2/Pictures/space2.png -> /mnt/home_extra/carl/Pictures/space2.png
11/05/2023 20:25:24 Done: Copy file /media/carl/Backup2/Pictures/86 - b9wY0m5.jpg -> /mnt/home_extra/carl/Pictures/86 - b9wY0m5.jpg
11/05/2023 20:25:25 Done: Copy file /media/carl/Backup2/Pictures/97 - kkxgHP4.jpg -> /mnt/home_extra/carl/Pictures/97 - kkxgHP4.jpg
11/05/2023 20:25:25 Done: Copy file /media/carl/Backup2/Pictures/135 - mZSPJlT.jpg -> /mnt/home_extra/carl/Pictures/135 - mZSPJlT.jpg
11/05/2023 20:25:25 Done: Copy file /media/carl/Backup2/Pictures/88 - kiObQfl.jpg -> /mnt/home_extra/carl/Pictures/88 - kiObQfl.jpg
11/05/2023 20:25:25 Done: Copy file /media/carl/Backup2/Pictures/122 - ETwxdZF.jpg -> /mnt/home_extra/carl/Pictures/122 - ETwxdZF.jpg
11/05/2023 20:25:25 Done: Copy file /media/carl/Backup2/Pictures/115 - 6LewsgK.jpg -> /mnt/home_extra/carl/Pictures/115 - 6LewsgK.jpg
11/05/2023 20:25:25 Done: Copy file /media/carl/Backup2/Pictures/137 - kgN8aly.jpg -> /mnt/home_extra/carl/Pictures/137 - kgN8aly.jpg
11/05/2023 20:25:25 Done: Copy file /media/carl/Backup2/Pictures/31 - lS0uqsM.jpg -> /mnt/home_extra/carl/Pictures/31 - lS0uqsM.jpg
11/05/2023 20:25:25 Done: Copy file /media/carl/Backup2/Pictures/102 - O1Tuz5Q.jpg -> /mnt/home_extra/carl/Pictures/102 - O1Tuz5Q.jpg
11/05/2023 20:25:25 Done: Copy file /media/carl/Backup2/Pictures/55 - X97vkwZ.jpg -> /mnt/home_extra/carl/Pictures/55 - X97vkwZ.jpg
11/05/2023 20:25:25 Done: Copy file /media/carl/Backup2/Pictures/59 - ppbPUlH.jpg -> /mnt/home_extra/carl/Pictures/59 - ppbPUlH.jpg
11/05/2023 20:25:25 Done: Copy file /media/carl/Backup2/Pictures/space.png -> /mnt/home_extra/carl/Pictures/space.png
11/05/2023 20:25:25 Done: Copy file /media/carl/Backup2/Pictures/34 - eyQRoBu.jpg -> /mnt/home_extra/carl/Pictures/34 - eyQRoBu.jpg
11/05/2023 20:25:25 Done: Copy file /media/carl/Backup2/Pictures/78 - 7o9ueau.jpg -> /mnt/home_extra/carl/Pictures/78 - 7o9ueau.jpg
11/05/2023 20:25:25 Done: Copy file /media/carl/Backup2/Pictures/133 - z1PHHeW.jpg -> /mnt/home_extra/carl/Pictures/133 - z1PHHeW.jpg
11/05/2023 20:25:25 Done: Copy file /media/carl/Backup2/Pictures/127 - IkJ9rhw.jpg -> /mnt/home_extra/carl/Pictures/127 - IkJ9rhw.jpg
11/05/2023 20:25:25 Done: Copy file /media/carl/Backup2/Pictures/50 - lm9rASr.jpg -> /mnt/home_extra/carl/Pictures/50 - lm9rASr.jpg
11/05/2023 20:25:25 Done: Copy file /media/carl/Backup2/Pictures/23 - sTlnH0x.jpg -> /mnt/home_extra/carl/Pictures/23 - sTlnH0x.jpg
11/05/2023 20:25:25 Done: Copy file /media/carl/Backup2/Pictures/126 - 3cwABEc.png -> /mnt/home_extra/carl/Pictures/126 - 3cwABEc.png
11/05/2023 20:25:25 Done: Copy file /media/carl/Backup2/Pictures/94 - dbDmiEZ.jpg -> /mnt/home_extra/carl/Pictures/94 - dbDmiEZ.jpg
11/05/2023 20:25:25 Done: Copy file /media/carl/Backup2/Pictures/35 - jhS2ffk.jpg -> /mnt/home_extra/carl/Pictures/35 - jhS2ffk.jpg
11/05/2023 20:25:25 Done: Copy file /media/carl/Backup2/Pictures/25 - 28cH9fb.jpg -> /mnt/home_extra/carl/Pictures/25 - 28cH9fb.jpg
11/05/2023 20:25:42 Done: Delete file /home/carl/Downloads/Hack.zip
11/05/2023 20:25:42 Done: Delete file /home/carl/Downloads/bat-musl_0.23.0_amd64.deb
11/05/2023 20:25:42 Done: Remove directory /home/carl/Downloads
11/05/2023 20:25:42 Done: Remove directory /home/carl/Pictures
11/05/2023 20:25:42 Done: Remove directory /home/carl/Documents
11/05/2023 20:25:56 Done: Create symlink /mnt/home_extra/carl/Documents -> /home/carl/Documents
11/05/2023 20:26:00 Done: Create symlink /mnt/home_extra/carl/Downloads -> /home/carl/Downloads
11/05/2023 20:26:02 Done: Create symlink /mnt/home_extra/carl/Pictures -> /home/carl/Pictures
11/05/2023 20:26:34 Done: Create symlink /mnt/data/Downloads -> /home/carl/MediaDownloads
11/05/2023 20:43:11 Done: Create directory /mnt/home_extra/carl/Documents/obsidian
11/05/2023 20:43:17 Done: Copy file /media/carl/Backup2/obsidian/my-obsidian/3. Resources/TV Series Watch List.md -> /mnt/home_extra/carl/Documents/my-obsidian/3. Resources/TV Series Watch List.md
11/05/2023 20:43:17 Done: Copy file /media/carl/Backup2/obsidian/my-obsidian/3. Resources/PC Organization&Workflow/Flatpak—the future of application distribution.md -> /mnt/home_extra/carl/Documents/my-obsidian/3. Resources/PC Organization&Workflow/Flatpak—the future of application distribution.md
11/05/2023 20:43:17 Done: Copy file /media/carl/Backup2/obsidian/my-obsidian/3. Resources/PC Organization&Workflow/Installing i3wm.md -> /mnt/home_extra/carl/Documents/my-obsidian/3. Resources/PC Organization&Workflow/Installing i3wm.md
11/05/2023 20:43:17 Done: Copy file /media/carl/Backup2/obsidian/my-obsidian/3. Resources/PC Organization&Workflow/A simpler way to manage your dotfiles.md -> /mnt/home_extra/carl/Documents/my-obsidian/3. Resources/PC Organization&Workflow/A simpler way to manage your dotfiles.md
11/05/2023 20:43:17 Done: Copy file /media/carl/Backup2/obsidian/my-obsidian/3. Resources/PC Organization&Workflow/Hack.md -> /mnt/home_extra/carl/Documents/my-obsidian/3. Resources/PC Organization&Workflow/Hack.md
11/05/2023 20:43:17 Done: Copy file /media/carl/Backup2/obsidian/my-obsidian/3. Resources/Reading List.md -> /mnt/home_extra/carl/Documents/my-obsidian/3. Resources/Reading List.md
11/05/2023 20:43:17 Done: Copy file /media/carl/Backup2/obsidian/my-obsidian/3. Resources/Templates/Journal Entry.md -> /mnt/home_extra/carl/Documents/my-obsidian/3. Resources/Templates/Journal Entry.md
11/05/2023 20:43:17 Done: Copy file /media/carl/Backup2/obsidian/my-obsidian/3. Resources/Templates/Web Research.md -> /mnt/home_extra/carl/Documents/my-obsidian/3. Resources/Templates/Web Research.md
11/05/2023 20:43:17 Done: Copy file /media/carl/Backup2/obsidian/my-obsidian/4. Archive/West Coast Trip.md -> /mnt/home_extra/carl/Documents/my-obsidian/4. Archive/West Coast Trip.md
11/05/2023 20:43:17 Done: Copy file /media/carl/Backup2/obsidian/my-obsidian/Attachments/nested_cv.ods -> /mnt/home_extra/carl/Documents/my-obsidian/Attachments/nested_cv.ods
11/05/2023 20:43:17 Done: Copy file /media/carl/Backup2/obsidian/my-obsidian/.trash/pocket_items/How to write neat pandas code · pandasninja.md -> /mnt/home_extra/carl/Documents/my-obsidian/.trash/pocket_items/How to write neat pandas code · pandasninja.md
11/05/2023 20:43:17 Done: Copy file /media/carl/Backup2/obsidian/my-obsidian/.trash/pocket_items/Another way to better organize Pandas code.md -> /mnt/home_extra/carl/Documents/my-obsidian/.trash/pocket_items/Another way to better organize Pandas code.md
11/05/2023 20:43:17 Done: Copy file /media/carl/Backup2/obsidian/my-obsidian/.obsidian/plugins/remotely-save/data.json -> /mnt/home_extra/carl/Documents/my-obsidian/.obsidian/plugins/remotely-save/data.json
11/05/2023 20:43:17 Done: Copy file /media/carl/Backup2/obsidian/my-obsidian/.obsidian/plugins/remotely-save/.gitignore -> /mnt/home_extra/carl/Documents/my-obsidian/.obsidian/plugins/remotely-save/.gitignore
11/05/2023 20:43:17 Done: Copy file /media/carl/Backup2/obsidian/my-obsidian/.obsidian/plugins/remotely-save/styles.css -> /mnt/home_extra/carl/Documents/my-obsidian/.obsidian/plugins/remotely-save/styles.css
11/05/2023 20:43:17 Done: Copy file /media/carl/Backup2/obsidian/my-obsidian/.obsidian/plugins/remotely-save/manifest.json -> /mnt/home_extra/carl/Documents/my-obsidian/.obsidian/plugins/remotely-save/manifest.json
11/05/2023 20:43:17 Done: Copy file /media/carl/Backup2/obsidian/my-obsidian/.obsidian/plugins/remotely-save/main.js -> /mnt/home_extra/carl/Documents/my-obsidian/.obsidian/plugins/remotely-save/main.js
11/05/2023 20:43:17 Done: Copy file /media/carl/Backup2/obsidian/my-obsidian/.obsidian/plugins/table-editor-obsidian/data.json -> /mnt/home_extra/carl/Documents/my-obsidian/.obsidian/plugins/table-editor-obsidian/data.json
11/05/2023 20:43:17 Done: Copy file /media/carl/Backup2/obsidian/my-obsidian/.obsidian/plugins/table-editor-obsidian/styles.css -> /mnt/home_extra/carl/Documents/my-obsidian/.obsidian/plugins/table-editor-obsidian/styles.css
11/05/2023 20:43:17 Done: Copy file /media/carl/Backup2/obsidian/my-obsidian/.obsidian/plugins/table-editor-obsidian/manifest.json -> /mnt/home_extra/carl/Documents/my-obsidian/.obsidian/plugins/table-editor-obsidian/manifest.json
11/05/2023 20:43:18 Done: Copy file /media/carl/Backup2/obsidian/my-obsidian/.obsidian/plugins/table-editor-obsidian/main.js -> /mnt/home_extra/carl/Documents/my-obsidian/.obsidian/plugins/table-editor-obsidian/main.js
11/05/2023 20:43:18 Done: Copy file /media/carl/Backup2/obsidian/my-obsidian/.obsidian/plugins/obsidian-pocket/data.json -> /mnt/home_extra/carl/Documents/my-obsidian/.obsidian/plugins/obsidian-pocket/data.json
11/05/2023 20:43:18 Done: Copy file /media/carl/Backup2/obsidian/my-obsidian/.obsidian/plugins/obsidian-pocket/styles.css -> /mnt/home_extra/carl/Documents/my-obsidian/.obsidian/plugins/obsidian-pocket/styles.css
11/05/2023 20:43:18 Done: Copy file /media/carl/Backup2/obsidian/my-obsidian/.obsidian/plugins/obsidian-pocket/manifest.json -> /mnt/home_extra/carl/Documents/my-obsidian/.obsidian/plugins/obsidian-pocket/manifest.json
11/05/2023 20:43:18 Done: Copy file /media/carl/Backup2/obsidian/my-obsidian/.obsidian/plugins/obsidian-pocket/main.js -> /mnt/home_extra/carl/Documents/my-obsidian/.obsidian/plugins/obsidian-pocket/main.js
11/05/2023 20:43:18 Done: Copy file /media/carl/Backup2/obsidian/my-obsidian/.obsidian/appearance.json -> /mnt/home_extra/carl/Documents/my-obsidian/.obsidian/appearance.json
11/05/2023 20:43:18 Done: Copy file /media/carl/Backup2/obsidian/my-obsidian/.obsidian/hotkeys.json -> /mnt/home_extra/carl/Documents/my-obsidian/.obsidian/hotkeys.json
11/05/2023 20:43:18 Done: Copy file /media/carl/Backup2/obsidian/my-obsidian/.obsidian/core-plugins-migration.json -> /mnt/home_extra/carl/Documents/my-obsidian/.obsidian/core-plugins-migration.json
11/05/2023 20:43:18 Done: Copy file /media/carl/Backup2/obsidian/my-obsidian/.obsidian/themes/Atom.css -> /mnt/home_extra/carl/Documents/my-obsidian/.obsidian/themes/Atom.css
11/05/2023 20:43:18 Done: Copy file /media/carl/Backup2/obsidian/my-obsidian/.obsidian/themes/Obsidian Nord.css -> /mnt/home_extra/carl/Documents/my-obsidian/.obsidian/themes/Obsidian Nord.css
11/05/2023 20:43:18 Done: Copy file /media/carl/Backup2/obsidian/my-obsidian/.obsidian/themes/Dracula Official.css -> /mnt/home_extra/carl/Documents/my-obsidian/.obsidian/themes/Dracula Official.css
11/05/2023 20:43:18 Done: Copy file /media/carl/Backup2/obsidian/my-obsidian/.obsidian/themes/Things.css -> /mnt/home_extra/carl/Documents/my-obsidian/.obsidian/themes/Things.css
11/05/2023 20:43:18 Done: Copy file /media/carl/Backup2/obsidian/my-obsidian/.obsidian/graph.json -> /mnt/home_extra/carl/Documents/my-obsidian/.obsidian/graph.json
11/05/2023 20:43:18 Done: Copy file /media/carl/Backup2/obsidian/my-obsidian/.obsidian/templates.json -> /mnt/home_extra/carl/Documents/my-obsidian/.obsidian/templates.json
11/05/2023 20:43:18 Done: Copy file /media/carl/Backup2/obsidian/my-obsidian/.obsidian/core-plugins.json -> /mnt/home_extra/carl/Documents/my-obsidian/.obsidian/core-plugins.json
11/05/2023 20:43:18 Done: Copy file /media/carl/Backup2/obsidian/my-obsidian/.obsidian/workspace.json -> /mnt/home_extra/carl/Documents/my-obsidian/.obsidian/workspace.json
11/05/2023 20:43:18 Done: Copy file /media/carl/Backup2/obsidian/my-obsidian/.obsidian/workspace -> /mnt/home_extra/carl/Documents/my-obsidian/.obsidian/workspace
11/05/2023 20:43:18 Done: Copy file /media/carl/Backup2/obsidian/my-obsidian/.obsidian/app.json -> /mnt/home_extra/carl/Documents/my-obsidian/.obsidian/app.json
11/05/2023 20:43:18 Done: Copy file /media/carl/Backup2/obsidian/my-obsidian/.obsidian/daily-notes.json -> /mnt/home_extra/carl/Documents/my-obsidian/.obsidian/daily-notes.json
11/05/2023 20:43:18 Done: Copy file /media/carl/Backup2/obsidian/my-obsidian/.obsidian/community-plugins.json -> /mnt/home_extra/carl/Documents/my-obsidian/.obsidian/community-plugins.json
11/05/2023 20:43:18 Done: Copy file /media/carl/Backup2/obsidian/my-obsidian/0. Inbox/PC Organisation and Setup.md -> /mnt/home_extra/carl/Documents/my-obsidian/0. Inbox/PC Organisation and Setup.md
11/05/2023 20:43:18 Done: Copy file /media/carl/Backup2/obsidian/my-obsidian/0. Inbox/Milestones Notes.md -> /mnt/home_extra/carl/Documents/my-obsidian/0. Inbox/Milestones Notes.md
11/05/2023 20:43:18 Done: Copy file /media/carl/Backup2/obsidian/my-obsidian/0. Inbox/Monetisation orchestration notes.md -> /mnt/home_extra/carl/Documents/my-obsidian/0. Inbox/Monetisation orchestration notes.md
11/05/2023 20:43:18 Done: Copy file /media/carl/Backup2/obsidian/my-obsidian/1. Projects/Data Science Studies/Pandas Tips and Tricks.md -> /mnt/home_extra/carl/Documents/my-obsidian/1. Projects/Data Science Studies/Pandas Tips and Tricks.md
11/05/2023 20:43:18 Done: Copy file /media/carl/Backup2/obsidian/my-obsidian/1. Projects/Data Science Studies/Overview.md -> /mnt/home_extra/carl/Documents/my-obsidian/1. Projects/Data Science Studies/Overview.md
11/05/2023 20:43:18 Done: Copy file /media/carl/Backup2/obsidian/my-obsidian/1. Projects/Data Science Studies/Time-Related feature engineering.md -> /mnt/home_extra/carl/Documents/my-obsidian/1. Projects/Data Science Studies/Time-Related feature engineering.md
11/05/2023 20:43:18 Done: Copy file /media/carl/Backup2/obsidian/my-obsidian/1. Projects/Home/Home Overview Brainstorm.md -> /mnt/home_extra/carl/Documents/my-obsidian/1. Projects/Home/Home Overview Brainstorm.md
11/05/2023 20:43:18 Done: Copy file /media/carl/Backup2/obsidian/my-obsidian/5. Journal/2023-04-18.md -> /mnt/home_extra/carl/Documents/my-obsidian/5. Journal/2023-04-18.md
11/05/2023 20:43:18 Done: Copy file /media/carl/Backup2/obsidian/my-obsidian/5. Journal/2023-04-12.md -> /mnt/home_extra/carl/Documents/my-obsidian/5. Journal/2023-04-12.md
11/05/2023 20:43:18 Done: Copy file /media/carl/Backup2/obsidian/my-obsidian/5. Journal/2023-04-19.md -> /mnt/home_extra/carl/Documents/my-obsidian/5. Journal/2023-04-19.md
11/05/2023 20:43:18 Done: Copy file /media/carl/Backup2/obsidian/my-obsidian/5. Journal/2023-05-08.md -> /mnt/home_extra/carl/Documents/my-obsidian/5. Journal/2023-05-08.md
11/05/2023 20:43:18 Done: Copy file /media/carl/Backup2/obsidian/my-obsidian/5. Journal/2023-04-17.md -> /mnt/home_extra/carl/Documents/my-obsidian/5. Journal/2023-04-17.md
11/05/2023 20:43:18 Done: Copy file /media/carl/Backup2/obsidian/my-obsidian/2. Areas/Health/Exercise Routine 22-09-26.md -> /mnt/home_extra/carl/Documents/my-obsidian/2. Areas/Health/Exercise Routine 22-09-26.md
11/05/2023 20:43:18 Done: Copy file /media/carl/Backup2/obsidian/my-obsidian/2. Areas/Health/Mental Health 22-08-21.md -> /mnt/home_extra/carl/Documents/my-obsidian/2. Areas/Health/Mental Health 22-08-21.md
11/05/2023 20:43:18 Done: Copy file /media/carl/Backup2/obsidian/my-obsidian/2. Areas/Health/Exercise Routine 22-09-05.md -> /mnt/home_extra/carl/Documents/my-obsidian/2. Areas/Health/Exercise Routine 22-09-05.md
11/05/2023 20:43:18 Done: Copy file /media/carl/Backup2/obsidian/my-obsidian/2. Areas/Health/Appointment with Nikki 2022-09-12.md -> /mnt/home_extra/carl/Documents/my-obsidian/2. Areas/Health/Appointment with Nikki 2022-09-12.md
11/05/2023 20:43:18 Done: Copy file /media/carl/Backup2/obsidian/my-obsidian/2. Areas/Health/Exercise Routine 23-04-18.md -> /mnt/home_extra/carl/Documents/my-obsidian/2. Areas/Health/Exercise Routine 23-04-18.md
11/05/2023 20:43:18 Done: Copy file /media/carl/Backup2/obsidian/my-obsidian/2. Areas/Health/Exercise Routine 22-08-16.md -> /mnt/home_extra/carl/Documents/my-obsidian/2. Areas/Health/Exercise Routine 22-08-16.md
11/05/2023 20:43:18 Done: Copy file /media/carl/Backup2/obsidian/my-obsidian/2. Areas/Note Taking and Organisation/Book and Article Note taking strategy.md -> /mnt/home_extra/carl/Documents/my-obsidian/2. Areas/Note Taking and Organisation/Book and Article Note taking strategy.md
